<?xml version="1.0" encoding="UTF-8"?>
<!-- Generated by org.testng.reporters.JUnitReportReporter -->
<testsuite hostname="sofiane14" failures="0" tests="1" name="us.piit.LogoutTest" time="4.557" errors="0" timestamp="2023-05-04T14:21:42 EDT" skipped="0">
  <testcase classname="us.piit.LogoutTest" name="logout" time="4.557"/>
  <system-out/>
</testsuite> <!-- us.piit.LogoutTest -->
